# JRE version: OpenJDK Runtime Environment (11.0.12+7) (build 11.0.12+7-b1504.28-7817840)
# Java VM: OpenJDK 64-Bit Server VM (11.0.12+7-b1504.28-7817840, mixed mode, tiered, compressed oops, g1 gc, windows-amd64)
Heap:
 garbage-first heap   total 262144K, used 123452K [0x00000000a0000000, 0x0000000100000000)
  region size 1024K, 65 young (66560K), 9 survivors (9216K)
 Metaspace       used 81376K, capacity 83320K, committed 83500K, reserved 1122304K
  class space    used 10590K, capacity 11272K, committed 11392K, reserved 1048576K
GC Heap History (18 events):
Event: 0.719 GC heap before
{Heap before GC invocations=0 (full 0):
 garbage-first heap   total 262144K, used 29696K [0x00000000a0000000, 0x0000000100000000)
  region size 1024K, 24 young (24576K), 0 survivors (0K)
 Metaspace       used 9862K, capacity 10118K, committed 10368K, reserved 1058816K
  class space    used 1028K, capacity 1102K, committed 1152K, reserved 1048576K
}
Event: 0.723 GC heap after
{Heap after GC invocations=1 (full 0):
 garbage-first heap   total 262144K, used 9063K [0x00000000a0000000, 0x0000000100000000)
  region size 1024K, 3 young (3072K), 3 survivors (3072K)
 Metaspace       used 9862K, capacity 10118K, committed 10368K, reserved 1058816K
  class space    used 1028K, capacity 1102K, committed 1152K, reserved 1048576K
}
Event: 2.742 GC heap before
{Heap before GC invocations=1 (full 0):
 garbage-first heap   total 262144K, used 113511K [0x00000000a0000000, 0x0000000100000000)
  region size 1024K, 106 young (108544K), 3 survivors (3072K)
 Metaspace       used 20760K, capacity 21135K, committed 21248K, reserved 1067008K
  class space    used 2550K, capacity 2710K, committed 2816K, reserved 1048576K
}
Event: 2.753 GC heap after
{Heap after GC invocations=2 (full 0):
 garbage-first heap   total 262144K, used 16720K [0x00000000a0000000, 0x0000000100000000)
  region size 1024K, 11 young (11264K), 11 survivors (11264K)
 Metaspace       used 20760K, capacity 21135K, committed 21248K, reserved 1067008K
  class space    used 2550K, capacity 2710K, committed 2816K, reserved 1048576K
}
Event: 3.336 GC heap before
{Heap before GC invocations=3 (full 0):
 garbage-first heap   total 262144K, used 49488K [0x00000000a0000000, 0x0000000100000000)
  region size 1024K, 43 young (44032K), 11 survivors (11264K)
 Metaspace       used 24277K, capacity 24816K, committed 25088K, reserved 1071104K
  class space    used 3067K, capacity 3281K, committed 3328K, reserved 1048576K
}
Event: 3.343 GC heap after
{Heap after GC invocations=4 (full 0):
 garbage-first heap   total 262144K, used 18400K [0x00000000a0000000, 0x0000000100000000)
  region size 1024K, 2 young (2048K), 2 survivors (2048K)
 Metaspace       used 24277K, capacity 24816K, committed 25088K, reserved 1071104K
  class space    used 3067K, capacity 3281K, committed 3328K, reserved 1048576K
}
Event: 5.533 GC heap before
{Heap before GC invocations=4 (full 0):
 garbage-first heap   total 262144K, used 100320K [0x00000000a0000000, 0x0000000100000000)
  region size 1024K, 83 young (84992K), 2 survivors (2048K)
 Metaspace       used 34939K, capacity 35777K, committed 35840K, reserved 1081344K
  class space    used 4530K, capacity 4836K, committed 4864K, reserved 1048576K
}
Event: 5.550 GC heap after
{Heap after GC invocations=5 (full 0):
 garbage-first heap   total 262144K, used 21979K [0x00000000a0000000, 0x0000000100000000)
  region size 1024K, 6 young (6144K), 6 survivors (6144K)
 Metaspace       used 34939K, capacity 35777K, committed 35840K, reserved 1081344K
  class space    used 4530K, capacity 4836K, committed 4864K, reserved 1048576K
}
Event: 8.225 GC heap before
{Heap before GC invocations=6 (full 0):
 garbage-first heap   total 262144K, used 139739K [0x00000000a0000000, 0x0000000100000000)
  region size 1024K, 118 young (120832K), 6 survivors (6144K)
 Metaspace       used 44380K, capacity 45409K, committed 45568K, reserved 1089536K
  class space    used 5671K, capacity 6031K, committed 6144K, reserved 1048576K
}
Event: 8.241 GC heap after
{Heap after GC invocations=7 (full 0):
 garbage-first heap   total 262144K, used 29617K [0x00000000a0000000, 0x0000000100000000)
  region size 1024K, 13 young (13312K), 13 survivors (13312K)
 Metaspace       used 44380K, capacity 45409K, committed 45568K, reserved 1089536K
  class space    used 5671K, capacity 6031K, committed 6144K, reserved 1048576K
}
Event: 11.720 GC heap before
{Heap before GC invocations=7 (full 0):
 garbage-first heap   total 262144K, used 179121K [0x00000000a0000000, 0x0000000100000000)
  region size 1024K, 153 young (156672K), 13 survivors (13312K)
 Metaspace       used 53484K, capacity 54936K, committed 55040K, reserved 1097728K
  class space    used 6813K, capacity 7337K, committed 7424K, reserved 1048576K
}
Event: 11.742 GC heap after
{Heap after GC invocations=8 (full 0):
 garbage-first heap   total 262144K, used 49248K [0x00000000a0000000, 0x0000000100000000)
  region size 1024K, 20 young (20480K), 20 survivors (20480K)
 Metaspace       used 53484K, capacity 54936K, committed 55040K, reserved 1097728K
  class space    used 6813K, capacity 7337K, committed 7424K, reserved 1048576K
}
Event: 12.832 GC heap before
{Heap before GC invocations=8 (full 0):
 garbage-first heap   total 262144K, used 82016K [0x00000000a0000000, 0x0000000100000000)
  region size 1024K, 53 young (54272K), 20 survivors (20480K)
 Metaspace       used 58290K, capacity 59785K, committed 59948K, reserved 1101824K
  class space    used 7421K, capacity 7946K, committed 8064K, reserved 1048576K
}
Event: 12.868 GC heap after
{Heap after GC invocations=9 (full 0):
 garbage-first heap   total 262144K, used 51652K [0x00000000a0000000, 0x0000000100000000)
  region size 1024K, 3 young (3072K), 3 survivors (3072K)
 Metaspace       used 58290K, capacity 59785K, committed 59948K, reserved 1101824K
  class space    used 7421K, capacity 7946K, committed 8064K, reserved 1048576K
}
Event: 15.946 GC heap before
{Heap before GC invocations=10 (full 0):
 garbage-first heap   total 262144K, used 172484K [0x00000000a0000000, 0x0000000100000000)
  region size 1024K, 121 young (123904K), 3 survivors (3072K)
 Metaspace       used 66308K, capacity 68049K, committed 68140K, reserved 1107968K
  class space    used 8441K, capacity 9061K, committed 9088K, reserved 1048576K
}
Event: 15.974 GC heap after
{Heap after GC invocations=11 (full 0):
 garbage-first heap   total 262144K, used 58820K [0x00000000a0000000, 0x0000000100000000)
  region size 1024K, 10 young (10240K), 10 survivors (10240K)
 Metaspace       used 66308K, capacity 68049K, committed 68140K, reserved 1107968K
  class space    used 8441K, capacity 9061K, committed 9088K, reserved 1048576K
}
Event: 20.867 GC heap before
{Heap before GC invocations=12 (full 0):
 garbage-first heap   total 262144K, used 180676K [0x00000000a0000000, 0x0000000100000000)
  region size 1024K, 129 young (132096K), 10 survivors (10240K)
 Metaspace       used 76905K, capacity 78751K, committed 78892K, reserved 1118208K
  class space    used 9974K, capacity 10601K, committed 10624K, reserved 1048576K
}
Event: 20.891 GC heap after
{Heap after GC invocations=13 (full 0):
 garbage-first heap   total 262144K, used 67132K [0x00000000a0000000, 0x0000000100000000)
  region size 1024K, 9 young (9216K), 9 survivors (9216K)
 Metaspace       used 76905K, capacity 78751K, committed 78892K, reserved 1118208K
  class space    used 9974K, capacity 10601K, committed 10624K, reserved 1048576K
}

